=========================================
 日志级别：DEBUG
 日志时间：2023-01-11 10:43:25,718
 所属类名：com.modulecode.Main
 所属线程：main
 日志信息：debug level
=========================================
 日志级别：INFO
 日志时间：2023-01-11 10:43:25,719
 所属类名：com.modulecode.Main
 所属线程：main
 日志信息：info level
=========================================
 日志级别：WARN
 日志时间：2023-01-11 10:43:25,719
 所属类名：com.modulecode.Main
 所属线程：main
 日志信息：warn level
=========================================
 日志级别：ERROR
 日志时间：2023-01-11 10:43:25,719
 所属类名：com.modulecode.Main
 所属线程：main
 日志信息：error level
=========================================
 日志级别：FATAL
 日志时间：2023-01-11 10:43:25,720
 所属类名：com.modulecode.Main
 所属线程：main
 日志信息：fatal level
